<?xml version="1.0" encoding="UTF-8"?>
<!-- Generated by org.testng.reporters.JUnitReportReporter -->
<testsuite hostname="AITSLPT-Dipesh" failures="0" tests="1" name="digital.flightdeck.testsuite.ClientSettingsTestCase" time="36.099" errors="0" timestamp="05 May 2020 07:30:06 GMT" skipped="0">
  <testcase classname="digital.flightdeck.testsuite.ClientSettingsTestCase" name="createClientWithValidData" time="36.099"/>
</testsuite> <!-- digital.flightdeck.testsuite.ClientSettingsTestCase -->
