<?xml version="1.0" encoding="UTF-8"?>
<!-- Generated by org.testng.reporters.JUnitReportReporter -->
<testsuite hostname="AITSLPT-Dipesh" failures="0" tests="1" name="digital.flightdeck.testsuite.ClientSettingsTestCase" time="660.751" errors="0" timestamp="02 Jun 2020 09:05:29 GMT" skipped="0">
  <testcase classname="digital.flightdeck.testsuite.ClientSettingsTestCase" name="createClientWithValidData" time="660.751"/>
</testsuite> <!-- digital.flightdeck.testsuite.ClientSettingsTestCase -->
