<?xml version="1.0" encoding="UTF-8"?>
<!-- Generated by org.testng.reporters.JUnitReportReporter -->
<testsuite hostname="AITSLPT-Dipesh" failures="0" tests="2" name="digital.flightdeck.testsuite.LoginPageTestCase" time="7.068" errors="0" timestamp="01 Jul 2020 09:23:34 GMT" skipped="0">
  <testcase classname="digital.flightdeck.testsuite.LoginPageTestCase" name="loginWithValidCredentials" time="6.706"/>
  <testcase classname="digital.flightdeck.testsuite.LoginPageTestCase" name="loginWithValidCredentials" time="0.362"/>
</testsuite> <!-- digital.flightdeck.testsuite.LoginPageTestCase -->
