<?xml version="1.0" encoding="UTF-8"?>
<!-- Generated by org.testng.reporters.JUnitReportReporter -->
<testsuite hostname="AITSLPT-Dipesh" failures="0" tests="1" name="digital.flightdeck.testsuite.FD20ProfileSettingTestCases" time="6.154" errors="0" timestamp="02 Dec 2020 10:12:37 GMT" skipped="0">
  <testcase classname="digital.flightdeck.testsuite.FD20ProfileSettingTestCases" name="CreateProfileWithValidData" time="6.154"/>
</testsuite> <!-- digital.flightdeck.testsuite.FD20ProfileSettingTestCases -->
