<?xml version="1.0" encoding="UTF-8"?>
<!-- Generated by org.testng.reporters.JUnitReportReporter -->
<testsuite hostname="AITSLPT-Dipesh" failures="0" tests="1" name="digital.flightdeck.testsuite.AngularPagefactoryTestCase" time="4.221" errors="0" timestamp="02 Oct 2020 08:04:36 GMT" skipped="0">
  <testcase classname="digital.flightdeck.testsuite.AngularPagefactoryTestCase" name="clearUrlTextArea" time="4.221"/>
</testsuite> <!-- digital.flightdeck.testsuite.AngularPagefactoryTestCase -->
