<?xml version="1.0" encoding="UTF-8"?>
<!-- Generated by org.testng.reporters.JUnitReportReporter -->
<testsuite hostname="AITSLPT-Dipesh" failures="0" tests="1" name="digital.flightdeck.testsuite.VueJSTestCase2" time="6.329" errors="0" timestamp="29 Sep 2020 09:15:34 GMT" skipped="0">
  <testcase classname="digital.flightdeck.testsuite.VueJSTestCase2" name="singup" time="6.329"/>
</testsuite> <!-- digital.flightdeck.testsuite.VueJSTestCase2 -->
