<?xml version="1.0" encoding="UTF-8"?>
<!-- Generated by org.testng.reporters.JUnitReportReporter -->
<testsuite hostname="AITSLPT-Dipesh" failures="0" tests="11" name="digital.flightdeck.testsuite.RssFeedTestCase" time="288.475" errors="0" timestamp="15 Jul 2020 07:37:09 GMT" skipped="0">
  <testcase classname="digital.flightdeck.testsuite.RssFeedTestCase" name="clearUrlTextArea" time="80.861"/>
  <testcase classname="digital.flightdeck.testsuite.RssFeedTestCase" name="isRSSElementPresent" time="69.947"/>
  <testcase classname="digital.flightdeck.testsuite.RssFeedTestCase" name="isRSSElementPresent" time="13.111"/>
  <testcase classname="digital.flightdeck.testsuite.RssFeedTestCase" name="isRSSElementPresent" time="7.696"/>
  <testcase classname="digital.flightdeck.testsuite.RssFeedTestCase" name="enterInValidRssFeed" time="0.008"/>
  <testcase classname="digital.flightdeck.testsuite.RssFeedTestCase" name="enterInValidRssFeed" time="0.354"/>
  <testcase classname="digital.flightdeck.testsuite.RssFeedTestCase" name="enterInValidRssFeed" time="0.515"/>
  <testcase classname="digital.flightdeck.testsuite.RssFeedTestCase" name="enterValidRssFeed" time="0.239"/>
  <testcase classname="digital.flightdeck.testsuite.RssFeedTestCase" name="enterValidRssFeed" time="0.514"/>
  <testcase classname="digital.flightdeck.testsuite.RssFeedTestCase" name="enterValidRssFeed" time="0.119"/>
  <testcase classname="digital.flightdeck.testsuite.RssFeedTestCase" name="validateRssFeed" time="115.111"/>
</testsuite> <!-- digital.flightdeck.testsuite.RssFeedTestCase -->
