<?xml version="1.0" encoding="UTF-8"?>
<!-- Generated by org.testng.reporters.JUnitReportReporter -->
<testsuite hostname="AITSLPT-Dipesh" failures="0" tests="1" name="digital.flightdeck.testsuite.AnuglarPageTescase" time="2.918" errors="0" timestamp="01 Sep 2020 09:02:38 GMT" skipped="0">
  <testcase classname="digital.flightdeck.testsuite.AnuglarPageTescase" name="f" time="2.918"/>
</testsuite> <!-- digital.flightdeck.testsuite.AnuglarPageTescase -->
