<?xml version="1.0" encoding="UTF-8"?>
<!-- Generated by org.testng.reporters.JUnitReportReporter -->
<testsuite hostname="AITSLPT-Dipesh" failures="0" tests="1" name="digital.flightdeck.testsuite.VueJSTestCase" time="6.399" errors="0" timestamp="28 Sep 2020 10:25:36 GMT" skipped="0">
  <testcase classname="digital.flightdeck.testsuite.VueJSTestCase" name="singin" time="6.399"/>
</testsuite> <!-- digital.flightdeck.testsuite.VueJSTestCase -->
