<?xml version="1.0" encoding="UTF-8"?>
<!-- Generated by org.testng.reporters.JUnitReportReporter -->
<testsuite hostname="AITSLPT-Dipesh" failures="0" tests="2" name="digital.flightdeck.testsuite.LoginPageTestCase" time="7.380" errors="0" timestamp="31 Jul 2020 04:23:23 GMT" skipped="0">
  <testcase classname="digital.flightdeck.testsuite.LoginPageTestCase" name="loginWithValidCredentials" time="0.437"/>
  <testcase classname="digital.flightdeck.testsuite.LoginPageTestCase" name="loginWithValidCredentials" time="6.943"/>
</testsuite> <!-- digital.flightdeck.testsuite.LoginPageTestCase -->
