<?xml version="1.0" encoding="UTF-8"?>
<!-- Generated by org.testng.reporters.JUnitReportReporter -->
<testsuite hostname="AITSLPT-Dipesh" failures="0" tests="2" name="digital.flightdeck.testsuite.LoginPageTestCase" time="7.916" errors="0" timestamp="16 Aug 2020 06:30:45 GMT" skipped="0">
  <testcase classname="digital.flightdeck.testsuite.LoginPageTestCase" name="loginWithValidCredentials" time="0.604"/>
  <testcase classname="digital.flightdeck.testsuite.LoginPageTestCase" name="loginWithValidCredentials" time="7.312"/>
</testsuite> <!-- digital.flightdeck.testsuite.LoginPageTestCase -->
