<?xml version="1.0" encoding="UTF-8"?>
<!-- Generated by org.testng.reporters.JUnitReportReporter -->
<testsuite hostname="AITSLPT-Dipesh" failures="0" tests="2" name="digital.flightdeck.testsuite.LoginPageTestCase" time="19.994" errors="0" timestamp="31 Jul 2020 08:55:50 GMT" skipped="0">
  <testcase classname="digital.flightdeck.testsuite.LoginPageTestCase" name="loginWithValidCredentials" time="19.588"/>
  <testcase classname="digital.flightdeck.testsuite.LoginPageTestCase" name="loginWithValidCredentials" time="0.406"/>
</testsuite> <!-- digital.flightdeck.testsuite.LoginPageTestCase -->
